<?xml version="1.0" encoding="UTF-8"?>
<!-- Generated by org.testng.reporters.JUnitXMLReporter -->
<testsuite hostname="stela-PC" ignored="0" name="selenium course october [TestAutomationCourseProject]" tests="1" failures="1" timestamp="2021-01-17T14:30:15 EET" time="20.099" errors="0">
  <testcase name="executeProductTest" time="3.058" classname="com.selenium.tests.ProductTests">
    <failure type="java.lang.AssertionError" message="The following asserts failed:
	expected [$19.99] but found [$9.99]">
      <![CDATA[java.lang.AssertionError: The following asserts failed:
expected [$19.99] but found [$9.99]
at com.selenium.tests.ProductTests.executeProductTest(ProductTests.java:30)
at java.util.ArrayList.forEach(ArrayList.java:1259)
at com.intellij.rt.testng.IDEARemoteTestNG.run(IDEARemoteTestNG.java:66)
at com.intellij.rt.testng.RemoteTestNGStarter.main(RemoteTestNGStarter.java:109)
... Removed 26 stack frames]]>
    </failure>
  </testcase> <!-- executeProductTest -->
</testsuite> <!-- selenium course october [TestAutomationCourseProject] -->
