<?xml version="1.0" encoding="UTF-8"?>
<testng-results skipped="0" failed="1" ignored="0" total="1" passed="0">
  <reporter-output>
  </reporter-output>
  <suite name="Default Suite" duration-ms="20099" started-at="2021-01-17T14:29:55 EET" finished-at="2021-01-17T14:30:15 EET">
    <groups>
    </groups>
    <test name="selenium course october [TestAutomationCourseProject]" duration-ms="20099" started-at="2021-01-17T14:29:55 EET" finished-at="2021-01-17T14:30:15 EET">
      <class name="com.selenium.tests.ProductTests">
        <test-method status="PASS" signature="readConfigProperties()[pri:0, instance:com.selenium.tests.ProductTests@17cd7a0]" name="readConfigProperties" is-config="true" duration-ms="44" started-at="2021-01-17T14:29:55 EET" finished-at="2021-01-17T14:29:55 EET">
          <reporter-output>
          </reporter-output>
        </test-method> <!-- readConfigProperties -->
        <test-method status="PASS" signature="initTest()[pri:0, instance:com.selenium.tests.ProductTests@17cd7a0]" name="initTest" is-config="true" duration-ms="14660" started-at="2021-01-17T14:29:55 EET" finished-at="2021-01-17T14:30:10 EET">
          <reporter-output>
          </reporter-output>
        </test-method> <!-- initTest -->
        <test-method status="FAIL" signature="executeProductTest()[pri:0, instance:com.selenium.tests.ProductTests@17cd7a0]" name="executeProductTest" duration-ms="3058" started-at="2021-01-17T14:30:10 EET" finished-at="2021-01-17T14:30:13 EET">
          <exception class="java.lang.AssertionError">
            <message>
              <![CDATA[The following asserts failed:
expected [$19.99] but found [$9.99]]]>
            </message>
            <full-stacktrace>
              <![CDATA[java.lang.AssertionError: The following asserts failed:
expected [$19.99] but found [$9.99]
at org.testng.asserts.SoftAssert.assertAll(SoftAssert.java:47)
at org.testng.asserts.SoftAssert.assertAll(SoftAssert.java:31)
at com.selenium.tests.ProductTests.executeProductTest(ProductTests.java:30)
at sun.reflect.NativeMethodAccessorImpl.invoke0(Native Method)
at sun.reflect.NativeMethodAccessorImpl.invoke(NativeMethodAccessorImpl.java:62)
at sun.reflect.DelegatingMethodAccessorImpl.invoke(DelegatingMethodAccessorImpl.java:43)
at java.lang.reflect.Method.invoke(Method.java:498)
at org.testng.internal.MethodInvocationHelper.invokeMethod(MethodInvocationHelper.java:132)
at org.testng.internal.TestInvoker.invokeMethod(TestInvoker.java:599)
at org.testng.internal.TestInvoker.invokeTestMethod(TestInvoker.java:174)
at org.testng.internal.MethodRunner.runInSequence(MethodRunner.java:46)
at org.testng.internal.TestInvoker$MethodInvocationAgent.invoke(TestInvoker.java:822)
at org.testng.internal.TestInvoker.invokeTestMethods(TestInvoker.java:147)
at org.testng.internal.TestMethodWorker.invokeTestMethods(TestMethodWorker.java:146)
at org.testng.internal.TestMethodWorker.run(TestMethodWorker.java:128)
at java.util.ArrayList.forEach(ArrayList.java:1259)
at org.testng.TestRunner.privateRun(TestRunner.java:764)
at org.testng.TestRunner.run(TestRunner.java:585)
at org.testng.SuiteRunner.runTest(SuiteRunner.java:384)
at org.testng.SuiteRunner.runSequentially(SuiteRunner.java:378)
at org.testng.SuiteRunner.privateRun(SuiteRunner.java:337)
at org.testng.SuiteRunner.run(SuiteRunner.java:286)
at org.testng.SuiteRunnerWorker.runSuite(SuiteRunnerWorker.java:53)
at org.testng.SuiteRunnerWorker.run(SuiteRunnerWorker.java:96)
at org.testng.TestNG.runSuitesSequentially(TestNG.java:1218)
at org.testng.TestNG.runSuitesLocally(TestNG.java:1140)
at org.testng.TestNG.runSuites(TestNG.java:1069)
at org.testng.TestNG.run(TestNG.java:1037)
at com.intellij.rt.testng.IDEARemoteTestNG.run(IDEARemoteTestNG.java:66)
at com.intellij.rt.testng.RemoteTestNGStarter.main(RemoteTestNGStarter.java:109)
]]>
            </full-stacktrace>
          </exception> <!-- java.lang.AssertionError -->
          <reporter-output>
          </reporter-output>
        </test-method> <!-- executeProductTest -->
        <test-method status="PASS" signature="tearDownDriver()[pri:0, instance:com.selenium.tests.ProductTests@17cd7a0]" name="tearDownDriver" is-config="true" duration-ms="2248" started-at="2021-01-17T14:30:13 EET" finished-at="2021-01-17T14:30:15 EET">
          <reporter-output>
          </reporter-output>
        </test-method> <!-- tearDownDriver -->
      </class> <!-- com.selenium.tests.ProductTests -->
    </test> <!-- selenium course october [TestAutomationCourseProject] -->
  </suite> <!-- Default Suite -->
</testng-results>
